2026-02-20T10:07:19.495898+00:00 INFO 'ansible_navigator.setup_logger' New ansible-navigator instance, logging initialized
2026-02-20T10:07:19.497601+00:00 INFO 'ansible_navigator.setup_logger' New ansible-runner instance, logging initialized
2026-02-20T10:07:19.497718+00:00 DEBUG 'ansible_navigator.main' Jinja2==3.1.6 
2026-02-20T10:07:19.497774+00:00 DEBUG 'ansible_navigator.main' MarkupSafe==3.0.3 
2026-02-20T10:07:19.497808+00:00 DEBUG 'ansible_navigator.main' Parsley==1.3 
2026-02-20T10:07:19.497840+00:00 DEBUG 'ansible_navigator.main' PyYAML==6.0.3 
2026-02-20T10:07:19.497868+00:00 DEBUG 'ansible_navigator.main' ansible-builder==3.1.0 
2026-02-20T10:07:19.497897+00:00 DEBUG 'ansible_navigator.main' ansible-compat==25.8.2 
2026-02-20T10:07:19.497922+00:00 DEBUG 'ansible_navigator.main' ansible-core==2.19.3 
2026-02-20T10:07:19.497946+00:00 DEBUG 'ansible_navigator.main' ansible-lint==25.9.2 
2026-02-20T10:07:19.497969+00:00 DEBUG 'ansible_navigator.main' ansible-navigator==25.9.0 
2026-02-20T10:07:19.497996+00:00 DEBUG 'ansible_navigator.main' ansible-runner==2.4.1 
2026-02-20T10:07:19.498021+00:00 DEBUG 'ansible_navigator.main' attrs==25.4.0 /home/lraltas/miniconda3/envs/ansible/lib/python3.13/site-packages/attrs/__init__.py
2026-02-20T10:07:19.498045+00:00 DEBUG 'ansible_navigator.main' bindep==2.13.0 /home/lraltas/miniconda3/envs/ansible/lib/python3.13/site-packages/bindep/__init__.py
2026-02-20T10:07:19.498071+00:00 DEBUG 'ansible_navigator.main' black==25.9.0 /home/lraltas/miniconda3/envs/ansible/lib/python3.13/site-packages/black/__init__.cpython-313-x86_64-linux-gnu.so
2026-02-20T10:07:19.498111+00:00 DEBUG 'ansible_navigator.main' bracex==2.6 /home/lraltas/miniconda3/envs/ansible/lib/python3.13/site-packages/bracex/__init__.py
2026-02-20T10:07:19.498135+00:00 DEBUG 'ansible_navigator.main' cffi==2.0.0 /home/lraltas/miniconda3/envs/ansible/lib/python3.13/site-packages/cffi/__init__.py
2026-02-20T10:07:19.498161+00:00 DEBUG 'ansible_navigator.main' click==8.3.0 /home/lraltas/miniconda3/envs/ansible/lib/python3.13/site-packages/click/__init__.py
2026-02-20T10:07:19.498185+00:00 DEBUG 'ansible_navigator.main' cryptography==46.0.2 /home/lraltas/miniconda3/envs/ansible/lib/python3.13/site-packages/cryptography/__init__.py
2026-02-20T10:07:19.498209+00:00 DEBUG 'ansible_navigator.main' distro==1.9.0 /home/lraltas/miniconda3/envs/ansible/lib/python3.13/site-packages/distro/__init__.py
2026-02-20T10:07:19.498232+00:00 DEBUG 'ansible_navigator.main' filelock==3.20.0 /home/lraltas/miniconda3/envs/ansible/lib/python3.13/site-packages/filelock/__init__.py
2026-02-20T10:07:19.498258+00:00 DEBUG 'ansible_navigator.main' importlib_metadata==8.7.0 /home/lraltas/miniconda3/envs/ansible/lib/python3.13/site-packages/importlib_metadata/__init__.py
2026-02-20T10:07:19.498300+00:00 DEBUG 'ansible_navigator.main' jsonschema-specifications==2025.9.1 
2026-02-20T10:07:19.498329+00:00 DEBUG 'ansible_navigator.main' jsonschema==4.25.1 /home/lraltas/miniconda3/envs/ansible/lib/python3.13/site-packages/jsonschema/__init__.py
2026-02-20T10:07:19.498356+00:00 DEBUG 'ansible_navigator.main' lockfile==0.12.2 /home/lraltas/miniconda3/envs/ansible/lib/python3.13/site-packages/lockfile/__init__.py
2026-02-20T10:07:19.498380+00:00 DEBUG 'ansible_navigator.main' mypy_extensions==1.1.0 /home/lraltas/miniconda3/envs/ansible/lib/python3.13/site-packages/mypy_extensions.py
2026-02-20T10:07:19.498414+00:00 DEBUG 'ansible_navigator.main' onigurumacffi==1.4.1 /home/lraltas/miniconda3/envs/ansible/lib/python3.13/site-packages/onigurumacffi.py
2026-02-20T10:07:19.498459+00:00 DEBUG 'ansible_navigator.main' packaging==25.0 /home/lraltas/miniconda3/envs/ansible/lib/python3.13/site-packages/packaging/__init__.py
2026-02-20T10:07:19.498485+00:00 DEBUG 'ansible_navigator.main' pathspec==0.12.1 /home/lraltas/miniconda3/envs/ansible/lib/python3.13/site-packages/pathspec/__init__.py
2026-02-20T10:07:19.498510+00:00 DEBUG 'ansible_navigator.main' pbr==7.0.1 /home/lraltas/miniconda3/envs/ansible/lib/python3.13/site-packages/pbr/__init__.py
2026-02-20T10:07:19.498538+00:00 DEBUG 'ansible_navigator.main' pexpect==4.9.0 /home/lraltas/miniconda3/envs/ansible/lib/python3.13/site-packages/pexpect/__init__.py
2026-02-20T10:07:19.498574+00:00 DEBUG 'ansible_navigator.main' pip==25.2 /home/lraltas/miniconda3/envs/ansible/lib/python3.13/site-packages/pip/__init__.py
2026-02-20T10:07:19.498603+00:00 DEBUG 'ansible_navigator.main' platformdirs==4.5.0 /home/lraltas/miniconda3/envs/ansible/lib/python3.13/site-packages/platformdirs/__init__.py
2026-02-20T10:07:19.498632+00:00 DEBUG 'ansible_navigator.main' ptyprocess==0.7.0 /home/lraltas/miniconda3/envs/ansible/lib/python3.13/site-packages/ptyprocess/__init__.py
2026-02-20T10:07:19.498658+00:00 DEBUG 'ansible_navigator.main' pycparser==2.23 /home/lraltas/miniconda3/envs/ansible/lib/python3.13/site-packages/pycparser/__init__.py
2026-02-20T10:07:19.498683+00:00 DEBUG 'ansible_navigator.main' python-daemon==3.1.2 
2026-02-20T10:07:19.498729+00:00 DEBUG 'ansible_navigator.main' pytokens==0.1.10 /home/lraltas/miniconda3/envs/ansible/lib/python3.13/site-packages/pytokens/__init__.py
2026-02-20T10:07:19.498773+00:00 DEBUG 'ansible_navigator.main' referencing==0.37.0 /home/lraltas/miniconda3/envs/ansible/lib/python3.13/site-packages/referencing/__init__.py
2026-02-20T10:07:19.498798+00:00 DEBUG 'ansible_navigator.main' resolvelib==1.2.1 /home/lraltas/miniconda3/envs/ansible/lib/python3.13/site-packages/resolvelib/__init__.py
2026-02-20T10:07:19.498821+00:00 DEBUG 'ansible_navigator.main' rpds-py==0.27.1 
2026-02-20T10:07:19.498843+00:00 DEBUG 'ansible_navigator.main' ruamel.yaml.clib==0.2.14 
2026-02-20T10:07:19.498865+00:00 DEBUG 'ansible_navigator.main' ruamel.yaml==0.18.15 /home/lraltas/miniconda3/envs/ansible/lib/python3.13/site-packages/ruamel/yaml/__init__.py
2026-02-20T10:07:19.498892+00:00 DEBUG 'ansible_navigator.main' setuptools==80.9.0 /home/lraltas/miniconda3/envs/ansible/lib/python3.13/site-packages/setuptools/__init__.py
2026-02-20T10:07:19.498915+00:00 DEBUG 'ansible_navigator.main' subprocess-tee==0.4.2 
2026-02-20T10:07:19.498937+00:00 DEBUG 'ansible_navigator.main' tzdata==2025.2 /home/lraltas/miniconda3/envs/ansible/lib/python3.13/site-packages/tzdata/__init__.py
2026-02-20T10:07:19.498959+00:00 DEBUG 'ansible_navigator.main' wcmatch==10.1 /home/lraltas/miniconda3/envs/ansible/lib/python3.13/site-packages/wcmatch/__init__.py
2026-02-20T10:07:19.498983+00:00 DEBUG 'ansible_navigator.main' wheel==0.45.1 /home/lraltas/miniconda3/envs/ansible/lib/python3.13/site-packages/wheel/__init__.py
2026-02-20T10:07:19.499006+00:00 DEBUG 'ansible_navigator.main' yamllint==1.37.1 /home/lraltas/miniconda3/envs/ansible/lib/python3.13/site-packages/yamllint/__init__.py
2026-02-20T10:07:19.499027+00:00 DEBUG 'ansible_navigator.main' zipp==3.23.0 /home/lraltas/miniconda3/envs/ansible/lib/python3.13/site-packages/zipp/__init__.py
2026-02-20T10:07:19.499052+00:00 DEBUG 'ansible_navigator.main' Default collection_doc_cache_path set to: /home/lraltas/.cache/ansible-navigator/collection_doc_cache.db
2026-02-20T10:07:19.499075+00:00 DEBUG 'ansible_navigator.main' EDITOR environment variable not set
2026-02-20T10:07:19.499099+00:00 DEBUG 'ansible_navigator.main' Default editor_command set to: vi +{line_number} {filename}
2026-02-20T10:07:19.499120+00:00 DEBUG 'ansible_navigator.main' No config file set by ANSIBLE_NAVIGATOR_CONFIG
2026-02-20T10:07:19.499145+00:00 DEBUG 'ansible_navigator.main' Looking in /home/lraltas/.ansible-navigator
2026-02-20T10:07:19.499170+00:00 DEBUG 'ansible_navigator.main' Looking for '/home/lraltas/.ansible-navigator.yml', '/home/lraltas/.ansible-navigator.yaml' and '/home/lraltas/.ansible-navigator.json'
2026-02-20T10:07:19.499194+00:00 DEBUG 'ansible_navigator.main' Found 0: 
2026-02-20T10:07:19.499216+00:00 DEBUG 'ansible_navigator.main' Looking in /home/lraltas/project/code_project/Ansible-Ceph-Reef/ansible-navigator
2026-02-20T10:07:19.499242+00:00 DEBUG 'ansible_navigator.main' Looking for '/home/lraltas/project/code_project/Ansible-Ceph-Reef/ansible-navigator.yml', '/home/lraltas/project/code_project/Ansible-Ceph-Reef/ansible-navigator.yaml' and '/home/lraltas/project/code_project/Ansible-Ceph-Reef/ansible-navigator.json'
2026-02-20T10:07:19.499277+00:00 DEBUG 'ansible_navigator.main' Found 0: 
2026-02-20T10:07:19.499329+00:00 DEBUG 'ansible_navigator.main' All found 0: 
2026-02-20T10:07:19.499353+00:00 DEBUG 'ansible_navigator.main' Using: None
2026-02-20T10:07:19.499376+00:00 DEBUG 'ansible_navigator.main' No valid settings file found, using all default values for settings.
2026-02-20T10:07:19.499413+00:00 DEBUG 'ansible_navigator.main' Command provided: 'init roles/configure_podman'
2026-02-20T10:07:19.499451+00:00 WARNING 'ansible_navigator.main' Configuration errors encountered, rolling back to previous configuration.
2026-02-20T10:07:19.499476+00:00 DEBUG 'ansible_navigator.main' Prior to rollback: ansible_runner_artifact_dir = 'Not set' (Constants/Not set)
2026-02-20T10:07:19.499524+00:00 DEBUG 'ansible_navigator.main' Prior to rollback: ansible_runner_rotate_artifacts_count = 'Not set' (Constants/Not set)
2026-02-20T10:07:19.499553+00:00 DEBUG 'ansible_navigator.main' Prior to rollback: ansible_runner_timeout = 'Not set' (Constants/Not set)
2026-02-20T10:07:19.499578+00:00 DEBUG 'ansible_navigator.main' Prior to rollback: ansible_runner_write_job_events = 'False' (bool/Defaults)
2026-02-20T10:07:19.499606+00:00 DEBUG 'ansible_navigator.main' Prior to rollback: app = 'welcome' (str/Defaults)
2026-02-20T10:07:19.499632+00:00 DEBUG 'ansible_navigator.main' Prior to rollback: cmdline = '['init', 'roles/configure_podman']' (list/Command line)
2026-02-20T10:07:19.499657+00:00 DEBUG 'ansible_navigator.main' Prior to rollback: collection_doc_cache_path = '/home/lraltas/.cache/ansible-navigator/collection_doc_cache.db' (str/Defaults)
2026-02-20T10:07:19.499685+00:00 DEBUG 'ansible_navigator.main' Prior to rollback: config = 'Not set' (Constants/Not set)
2026-02-20T10:07:19.499712+00:00 DEBUG 'ansible_navigator.main' Prior to rollback: container_engine = 'auto' (str/Defaults)
2026-02-20T10:07:19.499737+00:00 DEBUG 'ansible_navigator.main' Prior to rollback: container_options = 'Not set' (Constants/Not set)
2026-02-20T10:07:19.499764+00:00 DEBUG 'ansible_navigator.main' Prior to rollback: display_color = 'True' (bool/Defaults)
2026-02-20T10:07:19.499790+00:00 DEBUG 'ansible_navigator.main' Prior to rollback: editor_command = 'vi +{line_number} {filename}' (str/Defaults)
2026-02-20T10:07:19.499824+00:00 DEBUG 'ansible_navigator.main' Prior to rollback: editor_console = 'True' (bool/Defaults)
2026-02-20T10:07:19.499850+00:00 DEBUG 'ansible_navigator.main' Prior to rollback: enable_prompts = 'False' (bool/Defaults)
2026-02-20T10:07:19.499875+00:00 DEBUG 'ansible_navigator.main' Prior to rollback: exec_command = '/bin/bash' (str/Defaults)
2026-02-20T10:07:19.499899+00:00 DEBUG 'ansible_navigator.main' Prior to rollback: exec_shell = 'True' (bool/Defaults)
2026-02-20T10:07:19.499923+00:00 DEBUG 'ansible_navigator.main' Prior to rollback: execution_environment = 'True' (bool/Defaults)
2026-02-20T10:07:19.499949+00:00 DEBUG 'ansible_navigator.main' Prior to rollback: execution_environment_image = 'ghcr.io/ansible/community-ansible-dev-tools:latest' (str/Defaults)
2026-02-20T10:07:19.499976+00:00 DEBUG 'ansible_navigator.main' Prior to rollback: execution_environment_volume_mounts = 'Not set' (Constants/Not set)
2026-02-20T10:07:19.500010+00:00 DEBUG 'ansible_navigator.main' Prior to rollback: format = 'yaml' (str/Defaults)
2026-02-20T10:07:19.500055+00:00 DEBUG 'ansible_navigator.main' Prior to rollback: help_builder = 'False' (bool/Defaults)
2026-02-20T10:07:19.500088+00:00 DEBUG 'ansible_navigator.main' Prior to rollback: help_config = 'False' (bool/Defaults)
2026-02-20T10:07:19.500113+00:00 DEBUG 'ansible_navigator.main' Prior to rollback: help_doc = 'False' (bool/Defaults)
2026-02-20T10:07:19.500135+00:00 DEBUG 'ansible_navigator.main' Prior to rollback: help_inventory = 'False' (bool/Defaults)
2026-02-20T10:07:19.500157+00:00 DEBUG 'ansible_navigator.main' Prior to rollback: help_playbook = 'False' (bool/Defaults)
2026-02-20T10:07:19.500179+00:00 DEBUG 'ansible_navigator.main' Prior to rollback: images_details = '['everything']' (list/Defaults)
2026-02-20T10:07:19.500210+00:00 DEBUG 'ansible_navigator.main' Prior to rollback: inventory = 'Not set' (Constants/Not set)
2026-02-20T10:07:19.500235+00:00 DEBUG 'ansible_navigator.main' Prior to rollback: inventory_column = 'Not set' (Constants/Not set)
2026-02-20T10:07:19.500258+00:00 DEBUG 'ansible_navigator.main' Prior to rollback: lint_config = 'Not set' (Constants/Not set)
2026-02-20T10:07:19.500291+00:00 DEBUG 'ansible_navigator.main' Prior to rollback: lintables = 'Not set' (Constants/Not set)
2026-02-20T10:07:19.500318+00:00 DEBUG 'ansible_navigator.main' Prior to rollback: log_append = 'True' (bool/Defaults)
2026-02-20T10:07:19.500341+00:00 DEBUG 'ansible_navigator.main' Prior to rollback: log_file = '/home/lraltas/project/code_project/Ansible-Ceph-Reef/ansible-navigator.log' (str/Defaults)
2026-02-20T10:07:19.500366+00:00 DEBUG 'ansible_navigator.main' Prior to rollback: log_level = 'warning' (str/Defaults)
2026-02-20T10:07:19.500390+00:00 DEBUG 'ansible_navigator.main' Prior to rollback: mode = 'interactive' (str/Defaults)
2026-02-20T10:07:19.500412+00:00 DEBUG 'ansible_navigator.main' Prior to rollback: osc4 = 'True' (bool/Defaults)
2026-02-20T10:07:19.500434+00:00 DEBUG 'ansible_navigator.main' Prior to rollback: pass_environment_variable = 'Not set' (Constants/Not set)
2026-02-20T10:07:19.500458+00:00 DEBUG 'ansible_navigator.main' Prior to rollback: playbook = 'Not set' (Constants/Not set)
2026-02-20T10:07:19.500482+00:00 DEBUG 'ansible_navigator.main' Prior to rollback: playbook_artifact_enable = 'True' (bool/Defaults)
2026-02-20T10:07:19.500503+00:00 DEBUG 'ansible_navigator.main' Prior to rollback: playbook_artifact_replay = 'Not set' (Constants/Not set)
2026-02-20T10:07:19.500537+00:00 DEBUG 'ansible_navigator.main' Prior to rollback: playbook_artifact_save_as = '{playbook_dir}/{playbook_name}-artifact-{time_stamp}.json' (str/Defaults)
2026-02-20T10:07:19.500560+00:00 DEBUG 'ansible_navigator.main' Prior to rollback: plugin_name = 'Not set' (Constants/Not set)
2026-02-20T10:07:19.500593+00:00 DEBUG 'ansible_navigator.main' Prior to rollback: plugin_type = 'module' (str/Defaults)
2026-02-20T10:07:19.500642+00:00 DEBUG 'ansible_navigator.main' Prior to rollback: pull_arguments = 'Not set' (Constants/Not set)
2026-02-20T10:07:19.500674+00:00 DEBUG 'ansible_navigator.main' Prior to rollback: pull_policy = 'tag' (str/Defaults)
2026-02-20T10:07:19.500699+00:00 DEBUG 'ansible_navigator.main' Prior to rollback: set_environment_variable = 'Not set' (Constants/Not set)
2026-02-20T10:07:19.500726+00:00 DEBUG 'ansible_navigator.main' Prior to rollback: settings_effective = 'False' (bool/Defaults)
2026-02-20T10:07:19.500751+00:00 DEBUG 'ansible_navigator.main' Prior to rollback: settings_sample = 'False' (bool/Defaults)
2026-02-20T10:07:19.500775+00:00 DEBUG 'ansible_navigator.main' Prior to rollback: settings_schema = 'json' (str/Defaults)
2026-02-20T10:07:19.500803+00:00 DEBUG 'ansible_navigator.main' Prior to rollback: settings_sources = 'False' (bool/Defaults)
2026-02-20T10:07:19.500837+00:00 DEBUG 'ansible_navigator.main' Prior to rollback: time_zone = 'UTC' (str/Defaults)
2026-02-20T10:07:19.500871+00:00 DEBUG 'ansible_navigator.main' Prior to rollback: workdir = '/home/lraltas/project/code_project/Ansible-Ceph-Reef' (str/Defaults)
2026-02-20T10:07:19.500899+00:00 DEBUG 'ansible_navigator.main' After rollback: ansible_runner_artifact_dir = 'Not set' (Constants/Not set)
2026-02-20T10:07:19.500933+00:00 DEBUG 'ansible_navigator.main' After rollback: ansible_runner_rotate_artifacts_count = 'Not set' (Constants/Not set)
2026-02-20T10:07:19.500966+00:00 DEBUG 'ansible_navigator.main' After rollback: ansible_runner_timeout = 'Not set' (Constants/Not set)
2026-02-20T10:07:19.500992+00:00 DEBUG 'ansible_navigator.main' After rollback: ansible_runner_write_job_events = 'Not set' (Constants/Not set)
2026-02-20T10:07:19.501016+00:00 DEBUG 'ansible_navigator.main' After rollback: app = 'Not set' (Constants/Not set)
2026-02-20T10:07:19.501039+00:00 DEBUG 'ansible_navigator.main' After rollback: cmdline = 'Not set' (Constants/Not set)
2026-02-20T10:07:19.501073+00:00 DEBUG 'ansible_navigator.main' After rollback: collection_doc_cache_path = 'Not set' (Constants/Not set)
2026-02-20T10:07:19.501101+00:00 DEBUG 'ansible_navigator.main' After rollback: config = 'Not set' (Constants/Not set)
2026-02-20T10:07:19.501124+00:00 DEBUG 'ansible_navigator.main' After rollback: container_engine = 'Not set' (Constants/Not set)
2026-02-20T10:07:19.501150+00:00 DEBUG 'ansible_navigator.main' After rollback: container_options = 'Not set' (Constants/Not set)
2026-02-20T10:07:19.501184+00:00 DEBUG 'ansible_navigator.main' After rollback: display_color = 'Not set' (Constants/Not set)
2026-02-20T10:07:19.501216+00:00 DEBUG 'ansible_navigator.main' After rollback: editor_command = 'Not set' (Constants/Not set)
2026-02-20T10:07:19.501250+00:00 DEBUG 'ansible_navigator.main' After rollback: editor_console = 'Not set' (Constants/Not set)
2026-02-20T10:07:19.501272+00:00 DEBUG 'ansible_navigator.main' After rollback: enable_prompts = 'Not set' (Constants/Not set)
2026-02-20T10:07:19.501315+00:00 DEBUG 'ansible_navigator.main' After rollback: exec_command = 'Not set' (Constants/Not set)
2026-02-20T10:07:19.501341+00:00 DEBUG 'ansible_navigator.main' After rollback: exec_shell = 'Not set' (Constants/Not set)
2026-02-20T10:07:19.501365+00:00 DEBUG 'ansible_navigator.main' After rollback: execution_environment = 'Not set' (Constants/Not set)
2026-02-20T10:07:19.501388+00:00 DEBUG 'ansible_navigator.main' After rollback: execution_environment_image = 'Not set' (Constants/Not set)
2026-02-20T10:07:19.501412+00:00 DEBUG 'ansible_navigator.main' After rollback: execution_environment_volume_mounts = 'Not set' (Constants/Not set)
2026-02-20T10:07:19.501435+00:00 DEBUG 'ansible_navigator.main' After rollback: format = 'Not set' (Constants/Not set)
2026-02-20T10:07:19.501457+00:00 DEBUG 'ansible_navigator.main' After rollback: help_builder = 'Not set' (Constants/Not set)
2026-02-20T10:07:19.501478+00:00 DEBUG 'ansible_navigator.main' After rollback: help_config = 'Not set' (Constants/Not set)
2026-02-20T10:07:19.501503+00:00 DEBUG 'ansible_navigator.main' After rollback: help_doc = 'Not set' (Constants/Not set)
2026-02-20T10:07:19.501525+00:00 DEBUG 'ansible_navigator.main' After rollback: help_inventory = 'Not set' (Constants/Not set)
2026-02-20T10:07:19.501547+00:00 DEBUG 'ansible_navigator.main' After rollback: help_playbook = 'Not set' (Constants/Not set)
2026-02-20T10:07:19.501569+00:00 DEBUG 'ansible_navigator.main' After rollback: images_details = 'Not set' (Constants/Not set)
2026-02-20T10:07:19.501593+00:00 DEBUG 'ansible_navigator.main' After rollback: inventory = 'Not set' (Constants/Not set)
2026-02-20T10:07:19.501616+00:00 DEBUG 'ansible_navigator.main' After rollback: inventory_column = 'Not set' (Constants/Not set)
2026-02-20T10:07:19.501637+00:00 DEBUG 'ansible_navigator.main' After rollback: lint_config = 'Not set' (Constants/Not set)
2026-02-20T10:07:19.501667+00:00 DEBUG 'ansible_navigator.main' After rollback: lintables = 'Not set' (Constants/Not set)
2026-02-20T10:07:19.501699+00:00 DEBUG 'ansible_navigator.main' After rollback: log_append = 'Not set' (Constants/Not set)
2026-02-20T10:07:19.501743+00:00 DEBUG 'ansible_navigator.main' After rollback: log_file = 'Not set' (Constants/Not set)
2026-02-20T10:07:19.501774+00:00 DEBUG 'ansible_navigator.main' After rollback: log_level = 'Not set' (Constants/Not set)
2026-02-20T10:07:19.501799+00:00 DEBUG 'ansible_navigator.main' After rollback: mode = 'Not set' (Constants/Not set)
2026-02-20T10:07:19.501822+00:00 DEBUG 'ansible_navigator.main' After rollback: osc4 = 'Not set' (Constants/Not set)
2026-02-20T10:07:19.501849+00:00 DEBUG 'ansible_navigator.main' After rollback: pass_environment_variable = 'Not set' (Constants/Not set)
2026-02-20T10:07:19.501874+00:00 DEBUG 'ansible_navigator.main' After rollback: playbook = 'Not set' (Constants/Not set)
2026-02-20T10:07:19.501907+00:00 DEBUG 'ansible_navigator.main' After rollback: playbook_artifact_enable = 'Not set' (Constants/Not set)
2026-02-20T10:07:19.501949+00:00 DEBUG 'ansible_navigator.main' After rollback: playbook_artifact_replay = 'Not set' (Constants/Not set)
2026-02-20T10:07:19.501977+00:00 DEBUG 'ansible_navigator.main' After rollback: playbook_artifact_save_as = 'Not set' (Constants/Not set)
2026-02-20T10:07:19.502002+00:00 DEBUG 'ansible_navigator.main' After rollback: plugin_name = 'Not set' (Constants/Not set)
2026-02-20T10:07:19.502057+00:00 DEBUG 'ansible_navigator.main' After rollback: plugin_type = 'Not set' (Constants/Not set)
2026-02-20T10:07:19.502081+00:00 DEBUG 'ansible_navigator.main' After rollback: pull_arguments = 'Not set' (Constants/Not set)
2026-02-20T10:07:19.502106+00:00 DEBUG 'ansible_navigator.main' After rollback: pull_policy = 'Not set' (Constants/Not set)
2026-02-20T10:07:19.502131+00:00 DEBUG 'ansible_navigator.main' After rollback: set_environment_variable = 'Not set' (Constants/Not set)
2026-02-20T10:07:19.502161+00:00 DEBUG 'ansible_navigator.main' After rollback: settings_effective = 'Not set' (Constants/Not set)
2026-02-20T10:07:19.502186+00:00 DEBUG 'ansible_navigator.main' After rollback: settings_sample = 'Not set' (Constants/Not set)
2026-02-20T10:07:19.502209+00:00 DEBUG 'ansible_navigator.main' After rollback: settings_schema = 'Not set' (Constants/Not set)
2026-02-20T10:07:19.502231+00:00 DEBUG 'ansible_navigator.main' After rollback: settings_sources = 'Not set' (Constants/Not set)
2026-02-20T10:07:19.502275+00:00 DEBUG 'ansible_navigator.main' After rollback: time_zone = 'Not set' (Constants/Not set)
2026-02-20T10:07:19.502308+00:00 DEBUG 'ansible_navigator.main' After rollback: workdir = 'Not set' (Constants/Not set)
2026-02-20T10:07:19.502331+00:00 DEBUG 'ansible_navigator.main' Configuration rollback complete.
2026-02-20T10:07:19.502354+00:00 DEBUG 'ansible_navigator.main' Collection doc cache not mounted
2026-02-20T10:07:19.502389+00:00 WARNING 'ansible_navigator.main' Issues were found while applying the settings.
2026-02-20T10:07:19.502420+00:00 INFO 'ansible_navigator.main' Command provided: 'init roles/configure_podman'
2026-02-20T10:07:19.502461+00:00 ERROR 'ansible_navigator.main' argument {subcommand} --help: invalid choice: 'init' (choose from 'builder', 'collections', 'config', 'doc', 'exec', 'images', 'inventory', 'lint', 'replay', 'run', 'settings', 'welcome')
2026-02-20T10:07:19.502488+00:00 INFO 'ansible_navigator.main' Configuration failed, using default log file location. (/home/lraltas/project/code_project/Ansible-Ceph-Reef/ansible-navigator.log) Log level set to debug
2026-02-20T10:07:19.502513+00:00 INFO 'ansible_navigator.main' Review the hints and log file to see what went wrong.
2026-02-21T02:38:52.427336+00:00 WARNING 'ansible_navigator.run' Dirty exit, killing the pid
2026-02-21T02:39:17.137639+00:00 CRITICAL 'ansible_navigator.actions.run_playbook._handle_message' Unhandled message from runner queue, discarded: {'event': 'verbose', 'uuid': 'b98aef4b-aa31-4788-a5af-2c77346bcbf9', 'counter': 10, 'stdout': "\x1b[1;35m[WARNING]: Host 'dns.openstack.suying' is using the discovered Python interpreter at '/usr/bin/python3.9', but future installation of another Python interpreter could cause a different interpreter to be discovered. See https://docs.ansible.com/ansible-core/2.20/reference_appendices/interpreter_discovery.html for more information.\x1b[0m", 'start_line': 34, 'end_line': 35, 'runner_ident': 'b509b255-0584-4a3b-a94d-2b74d4468e34', 'created': '2026-02-21T02:39:17.127399+00:00'}
2026-02-21T02:39:17.381032+00:00 CRITICAL 'ansible_navigator.actions.run_playbook._handle_message' Unhandled message from runner queue, discarded: {'event': 'verbose', 'uuid': 'd247e77f-4b78-4afb-bef9-5827f21ff961', 'counter': 12, 'stdout': "\x1b[1;35m[WARNING]: Host 'cephadm01.openstack.suying' is using the discovered Python interpreter at '/usr/bin/python3.9', but future installation of another Python interpreter could cause a different interpreter to be discovered. See https://docs.ansible.com/ansible-core/2.20/reference_appendices/interpreter_discovery.html for more information.\x1b[0m", 'start_line': 36, 'end_line': 37, 'runner_ident': 'b509b255-0584-4a3b-a94d-2b74d4468e34', 'created': '2026-02-21T02:39:17.371990+00:00'}
2026-02-21T02:39:19.462434+00:00 WARNING 'ansible_navigator.actions.run_playbook._handle_message' Task event without parent task
2026-02-21T02:39:19.482999+00:00 WARNING 'ansible_navigator.actions.run_playbook._handle_message' Task event without parent task
2026-02-21T02:41:28.848122+00:00 CRITICAL 'ansible_navigator.actions.run_playbook._handle_message' Unhandled message from runner queue, discarded: {'event': 'verbose', 'uuid': '889725f5-5403-4854-863f-8bdc4517488f', 'counter': 83, 'stdout': "\x1b[1;35m[WARNING]: SELinux state temporarily changed from 'enforcing' to 'permissive'. State change will take effect next reboot.\x1b[0m", 'start_line': 94, 'end_line': 95, 'runner_ident': 'b509b255-0584-4a3b-a94d-2b74d4468e34', 'created': '2026-02-21T02:41:28.840162+00:00'}
2026-02-21T02:42:07.412052+00:00 WARNING 'ansible_navigator.actions.run_playbook._handle_message' Task event without parent task
2026-02-21T02:42:10.303781+00:00 CRITICAL 'ansible_navigator.actions.run_playbook._handle_message' Unhandled message from runner queue, discarded: {'event': 'verbose', 'uuid': '4ee0a5dd-3e71-46ff-9942-11bb25198de5', 'counter': 110, 'stdout': '\x1b[1;35m[WARNING]: Module did not set no_log for dashboard_password_noupdate\x1b[0m', 'start_line': 121, 'end_line': 122, 'runner_ident': 'b509b255-0584-4a3b-a94d-2b74d4468e34', 'created': '2026-02-21T02:42:10.295585+00:00'}
2026-02-21T02:53:01.513755+00:00 WARNING 'ansible_navigator.run' Dirty exit, killing the pid
2026-02-21T02:58:09.863994+00:00 CRITICAL 'ansible_navigator.actions.run_playbook._handle_message' Unhandled message from runner queue, discarded: {'event': 'verbose', 'uuid': 'deed0fbb-7639-4890-8d47-8f510733a3d8', 'counter': 7, 'stdout': "\x1b[1;35m[WARNING]: Host 'cephadm01.openstack.suying' is using the discovered Python interpreter at '/usr/bin/python3.9', but future installation of another Python interpreter could cause a different interpreter to be discovered. See https://docs.ansible.com/ansible-core/2.20/reference_appendices/interpreter_discovery.html for more information.\x1b[0m", 'start_line': 4, 'end_line': 5, 'runner_ident': '0e192c77-8bc4-439e-8c57-9c00bb977a64', 'created': '2026-02-21T02:58:09.860753+00:00'}
2026-02-21T02:58:10.462641+00:00 CRITICAL 'ansible_navigator.actions.run_playbook._handle_message' Unhandled message from runner queue, discarded: {'event': 'verbose', 'uuid': '8ae0947c-bece-47be-8b4a-62558229ea45', 'counter': 9, 'stdout': "\x1b[1;35m[WARNING]: Host 'cephadm03.openstack.suying' is using the discovered Python interpreter at '/usr/bin/python3.9', but future installation of another Python interpreter could cause a different interpreter to be discovered. See https://docs.ansible.com/ansible-core/2.20/reference_appendices/interpreter_discovery.html for more information.\x1b[0m", 'start_line': 6, 'end_line': 7, 'runner_ident': '0e192c77-8bc4-439e-8c57-9c00bb977a64', 'created': '2026-02-21T02:58:10.454472+00:00'}
2026-02-21T02:58:10.483697+00:00 CRITICAL 'ansible_navigator.actions.run_playbook._handle_message' Unhandled message from runner queue, discarded: {'event': 'verbose', 'uuid': 'ff7d8c98-9b48-4d91-80ad-b1e96334e29c', 'counter': 11, 'stdout': "\x1b[1;35m[WARNING]: Host 'cephadm02.openstack.suying' is using the discovered Python interpreter at '/usr/bin/python3.9', but future installation of another Python interpreter could cause a different interpreter to be discovered. See https://docs.ansible.com/ansible-core/2.20/reference_appendices/interpreter_discovery.html for more information.\x1b[0m", 'start_line': 8, 'end_line': 9, 'runner_ident': '0e192c77-8bc4-439e-8c57-9c00bb977a64', 'created': '2026-02-21T02:58:10.478765+00:00'}
2026-02-21T02:58:12.651405+00:00 WARNING 'ansible_navigator.actions.run_playbook._handle_message' Task event without parent task
2026-02-21T02:58:12.672437+00:00 WARNING 'ansible_navigator.actions.run_playbook._handle_message' Task event without parent task
2026-02-21T02:58:12.683010+00:00 WARNING 'ansible_navigator.actions.run_playbook._handle_message' Task event without parent task
2026-02-21T03:00:48.982764+00:00 CRITICAL 'ansible_navigator.actions.run_playbook._handle_message' Unhandled message from runner queue, discarded: {'event': 'verbose', 'uuid': '20efb11c-ce86-4124-97fc-c3cd9725da44', 'counter': 110, 'stdout': "\x1b[1;35m[WARNING]: SELinux state temporarily changed from 'enforcing' to 'permissive'. State change will take effect next reboot.\x1b[0m", 'start_line': 81, 'end_line': 82, 'runner_ident': '0e192c77-8bc4-439e-8c57-9c00bb977a64', 'created': '2026-02-21T03:00:48.978114+00:00'}
2026-02-21T03:01:27.617149+00:00 WARNING 'ansible_navigator.actions.run_playbook._handle_message' Task event without parent task
2026-02-21T03:01:30.342475+00:00 CRITICAL 'ansible_navigator.actions.run_playbook._handle_message' Unhandled message from runner queue, discarded: {'event': 'verbose', 'uuid': '16fd9049-4ba9-4c80-a45a-bdd0f4f1a2f6', 'counter': 142, 'stdout': '\x1b[1;35m[WARNING]: Module did not set no_log for dashboard_password_noupdate\x1b[0m', 'start_line': 111, 'end_line': 112, 'runner_ident': '0e192c77-8bc4-439e-8c57-9c00bb977a64', 'created': '2026-02-21T03:01:30.334978+00:00'}
2026-02-21T07:46:32.107057+00:00 CRITICAL 'ansible_navigator.actions.run_playbook._handle_message' Unhandled message from runner queue, discarded: {'event': 'verbose', 'uuid': '392df9d0-7c98-4b42-98e6-12f4b663d1cd', 'counter': 7, 'stdout': "\x1b[1;35m[WARNING]: Host 'cephadm01.openstack.suying' is using the discovered Python interpreter at '/usr/bin/python3.9', but future installation of another Python interpreter could cause a different interpreter to be discovered. See https://docs.ansible.com/ansible-core/2.20/reference_appendices/interpreter_discovery.html for more information.\x1b[0m", 'start_line': 4, 'end_line': 5, 'runner_ident': '2a168df5-dd2a-4b88-9407-1d6e70fb1dea', 'created': '2026-02-21T07:46:32.097202+00:00'}
2026-02-21T07:46:32.481826+00:00 CRITICAL 'ansible_navigator.actions.run_playbook._handle_message' Unhandled message from runner queue, discarded: {'event': 'verbose', 'uuid': '1af59a3c-74fd-46f2-a22d-db49c5fe9133', 'counter': 9, 'stdout': "\x1b[1;35m[WARNING]: Host 'cephadm02.openstack.suying' is using the discovered Python interpreter at '/usr/bin/python3.9', but future installation of another Python interpreter could cause a different interpreter to be discovered. See https://docs.ansible.com/ansible-core/2.20/reference_appendices/interpreter_discovery.html for more information.\x1b[0m", 'start_line': 6, 'end_line': 7, 'runner_ident': '2a168df5-dd2a-4b88-9407-1d6e70fb1dea', 'created': '2026-02-21T07:46:32.478459+00:00'}
2026-02-21T07:46:32.614050+00:00 CRITICAL 'ansible_navigator.actions.run_playbook._handle_message' Unhandled message from runner queue, discarded: {'event': 'verbose', 'uuid': 'dc5262d8-961a-48c2-9750-b2736a8b169d', 'counter': 11, 'stdout': "\x1b[1;35m[WARNING]: Host 'cephadm03.openstack.suying' is using the discovered Python interpreter at '/usr/bin/python3.9', but future installation of another Python interpreter could cause a different interpreter to be discovered. See https://docs.ansible.com/ansible-core/2.20/reference_appendices/interpreter_discovery.html for more information.\x1b[0m", 'start_line': 8, 'end_line': 9, 'runner_ident': '2a168df5-dd2a-4b88-9407-1d6e70fb1dea', 'created': '2026-02-21T07:46:32.603718+00:00'}
2026-02-21T07:46:34.771679+00:00 WARNING 'ansible_navigator.actions.run_playbook._handle_message' Task event without parent task
2026-02-21T07:46:34.792523+00:00 WARNING 'ansible_navigator.actions.run_playbook._handle_message' Task event without parent task
2026-02-21T07:46:34.803168+00:00 WARNING 'ansible_navigator.actions.run_playbook._handle_message' Task event without parent task
2026-02-21T07:49:27.720574+00:00 CRITICAL 'ansible_navigator.actions.run_playbook._handle_message' Unhandled message from runner queue, discarded: {'event': 'verbose', 'uuid': 'e103c743-182b-45b5-b69a-29184d7ff775', 'counter': 110, 'stdout': "\x1b[1;35m[WARNING]: SELinux state temporarily changed from 'enforcing' to 'permissive'. State change will take effect next reboot.\x1b[0m", 'start_line': 81, 'end_line': 82, 'runner_ident': '2a168df5-dd2a-4b88-9407-1d6e70fb1dea', 'created': '2026-02-21T07:49:27.711821+00:00'}
2026-02-21T07:50:08.467880+00:00 WARNING 'ansible_navigator.actions.run_playbook._handle_message' Task event without parent task
2026-02-21T07:56:02.924644+00:00 CRITICAL 'ansible_navigator.actions.run_playbook._handle_message' Unhandled message from runner queue, discarded: {'event': 'verbose', 'uuid': 'e38c9f98-1635-4306-ae5b-6ac4e7f5343b', 'counter': 142, 'stdout': '\x1b[1;35m[WARNING]: Module did not set no_log for dashboard_password_noupdate\x1b[0m', 'start_line': 111, 'end_line': 112, 'runner_ident': '2a168df5-dd2a-4b88-9407-1d6e70fb1dea', 'created': '2026-02-21T07:56:02.920155+00:00'}
2026-02-21T07:56:07.985464+00:00 WARNING 'ansible_navigator.actions.run_playbook._handle_message' Task event without parent task
2026-02-21T07:56:08.006061+00:00 WARNING 'ansible_navigator.actions.run_playbook._handle_message' Task event without parent task
2026-02-21T08:22:00.748036+00:00 CRITICAL 'ansible_navigator.actions.run_playbook._handle_message' Unhandled message from runner queue, discarded: {'event': 'verbose', 'uuid': 'b172e3ae-13e7-4d12-a73f-e0f3d1847fd2', 'counter': 7, 'stdout': "\x1b[1;35m[WARNING]: Host 'cephadm02.openstack.suying' is using the discovered Python interpreter at '/usr/bin/python3.9', but future installation of another Python interpreter could cause a different interpreter to be discovered. See https://docs.ansible.com/ansible-core/2.20/reference_appendices/interpreter_discovery.html for more information.\x1b[0m", 'start_line': 4, 'end_line': 5, 'runner_ident': 'fd5988d2-bf43-4845-9b13-7dad3dbbf6db', 'created': '2026-02-21T08:22:00.737661+00:00'}
2026-02-21T08:22:00.771398+00:00 CRITICAL 'ansible_navigator.actions.run_playbook._handle_message' Unhandled message from runner queue, discarded: {'event': 'verbose', 'uuid': 'b0ec6668-6efe-4f5a-a992-2e42fdde7cbf', 'counter': 9, 'stdout': "\x1b[1;35m[WARNING]: Host 'cephadm03.openstack.suying' is using the discovered Python interpreter at '/usr/bin/python3.9', but future installation of another Python interpreter could cause a different interpreter to be discovered. See https://docs.ansible.com/ansible-core/2.20/reference_appendices/interpreter_discovery.html for more information.\x1b[0m", 'start_line': 6, 'end_line': 7, 'runner_ident': 'fd5988d2-bf43-4845-9b13-7dad3dbbf6db', 'created': '2026-02-21T08:22:00.767731+00:00'}
2026-02-21T08:22:00.863637+00:00 CRITICAL 'ansible_navigator.actions.run_playbook._handle_message' Unhandled message from runner queue, discarded: {'event': 'verbose', 'uuid': '3b54c034-502c-4787-abc0-e729673b7f80', 'counter': 11, 'stdout': "\x1b[1;35m[WARNING]: Host 'cephadm01.openstack.suying' is using the discovered Python interpreter at '/usr/bin/python3.9', but future installation of another Python interpreter could cause a different interpreter to be discovered. See https://docs.ansible.com/ansible-core/2.20/reference_appendices/interpreter_discovery.html for more information.\x1b[0m", 'start_line': 8, 'end_line': 9, 'runner_ident': 'fd5988d2-bf43-4845-9b13-7dad3dbbf6db', 'created': '2026-02-21T08:22:00.861316+00:00'}
2026-02-21T08:22:09.900424+00:00 WARNING 'ansible_navigator.actions.run_playbook._handle_message' Task event without parent task
2026-02-21T08:25:01.147696+00:00 CRITICAL 'ansible_navigator.actions.run_playbook._handle_message' Unhandled message from runner queue, discarded: {'event': 'verbose', 'uuid': '6c30e0dd-0510-480d-8472-9ee282f40ba4', 'counter': 7, 'stdout': "\x1b[1;35m[WARNING]: Host 'cephadm01.openstack.suying' is using the discovered Python interpreter at '/usr/bin/python3.9', but future installation of another Python interpreter could cause a different interpreter to be discovered. See https://docs.ansible.com/ansible-core/2.20/reference_appendices/interpreter_discovery.html for more information.\x1b[0m", 'start_line': 4, 'end_line': 5, 'runner_ident': '03ed123b-8086-4072-a499-e002ca11cdeb', 'created': '2026-02-21T08:25:01.143560+00:00'}
2026-02-21T08:25:01.169549+00:00 CRITICAL 'ansible_navigator.actions.run_playbook._handle_message' Unhandled message from runner queue, discarded: {'event': 'verbose', 'uuid': '75dc5b8d-0b5a-448b-bedb-d4806c6f55a2', 'counter': 9, 'stdout': "\x1b[1;35m[WARNING]: Host 'cephadm03.openstack.suying' is using the discovered Python interpreter at '/usr/bin/python3.9', but future installation of another Python interpreter could cause a different interpreter to be discovered. See https://docs.ansible.com/ansible-core/2.20/reference_appendices/interpreter_discovery.html for more information.\x1b[0m", 'start_line': 6, 'end_line': 7, 'runner_ident': '03ed123b-8086-4072-a499-e002ca11cdeb', 'created': '2026-02-21T08:25:01.159657+00:00'}
2026-02-21T08:25:01.180585+00:00 CRITICAL 'ansible_navigator.actions.run_playbook._handle_message' Unhandled message from runner queue, discarded: {'event': 'verbose', 'uuid': 'fdedcaa1-7832-4a82-881c-34e7afccec00', 'counter': 11, 'stdout': "\x1b[1;35m[WARNING]: Host 'cephadm02.openstack.suying' is using the discovered Python interpreter at '/usr/bin/python3.9', but future installation of another Python interpreter could cause a different interpreter to be discovered. See https://docs.ansible.com/ansible-core/2.20/reference_appendices/interpreter_discovery.html for more information.\x1b[0m", 'start_line': 8, 'end_line': 9, 'runner_ident': '03ed123b-8086-4072-a499-e002ca11cdeb', 'created': '2026-02-21T08:25:01.171295+00:00'}
2026-02-21T08:25:10.025204+00:00 WARNING 'ansible_navigator.actions.run_playbook._handle_message' Task event without parent task
2026-02-21T08:36:49.702347+00:00 CRITICAL 'ansible_navigator.actions.run_playbook._handle_message' Unhandled message from runner queue, discarded: {'event': 'verbose', 'uuid': 'd6134194-b320-4f1b-8065-9c7ec340d7eb', 'counter': 7, 'stdout': "\x1b[1;35m[WARNING]: Host 'cephadm03.openstack.suying' is using the discovered Python interpreter at '/usr/bin/python3.9', but future installation of another Python interpreter could cause a different interpreter to be discovered. See https://docs.ansible.com/ansible-core/2.20/reference_appendices/interpreter_discovery.html for more information.\x1b[0m", 'start_line': 4, 'end_line': 5, 'runner_ident': '0cbc4b09-fa78-4c3a-a29a-1af33f6621fc', 'created': '2026-02-21T08:36:49.695356+00:00'}
2026-02-21T08:36:49.744641+00:00 CRITICAL 'ansible_navigator.actions.run_playbook._handle_message' Unhandled message from runner queue, discarded: {'event': 'verbose', 'uuid': 'f65f294c-3c00-4ab7-a89c-8b2ccbc25ff3', 'counter': 9, 'stdout': "\x1b[1;35m[WARNING]: Host 'cephadm02.openstack.suying' is using the discovered Python interpreter at '/usr/bin/python3.9', but future installation of another Python interpreter could cause a different interpreter to be discovered. See https://docs.ansible.com/ansible-core/2.20/reference_appendices/interpreter_discovery.html for more information.\x1b[0m", 'start_line': 6, 'end_line': 7, 'runner_ident': '0cbc4b09-fa78-4c3a-a29a-1af33f6621fc', 'created': '2026-02-21T08:36:49.734775+00:00'}
2026-02-21T08:36:50.038769+00:00 CRITICAL 'ansible_navigator.actions.run_playbook._handle_message' Unhandled message from runner queue, discarded: {'event': 'verbose', 'uuid': 'a9baddc1-5cd7-49ce-ba1e-f07225edb313', 'counter': 11, 'stdout': "\x1b[1;35m[WARNING]: Host 'cephadm01.openstack.suying' is using the discovered Python interpreter at '/usr/bin/python3.9', but future installation of another Python interpreter could cause a different interpreter to be discovered. See https://docs.ansible.com/ansible-core/2.20/reference_appendices/interpreter_discovery.html for more information.\x1b[0m", 'start_line': 8, 'end_line': 9, 'runner_ident': '0cbc4b09-fa78-4c3a-a29a-1af33f6621fc', 'created': '2026-02-21T08:36:50.032890+00:00'}
2026-02-21T08:36:58.892799+00:00 WARNING 'ansible_navigator.actions.run_playbook._handle_message' Task event without parent task
2026-02-21T08:39:21.763586+00:00 CRITICAL 'ansible_navigator.actions.run_playbook._handle_message' Unhandled message from runner queue, discarded: {'event': 'verbose', 'uuid': '2744bd5a-ec04-4c9e-82fb-bddb42f82c83', 'counter': 7, 'stdout': "\x1b[1;35m[WARNING]: Host 'cephadm03.openstack.suying' is using the discovered Python interpreter at '/usr/bin/python3.9', but future installation of another Python interpreter could cause a different interpreter to be discovered. See https://docs.ansible.com/ansible-core/2.20/reference_appendices/interpreter_discovery.html for more information.\x1b[0m", 'start_line': 4, 'end_line': 5, 'runner_ident': '86c55af1-d1b7-4237-b3fd-ef1329e8c76d', 'created': '2026-02-21T08:39:21.758484+00:00'}
2026-02-21T08:39:21.805315+00:00 CRITICAL 'ansible_navigator.actions.run_playbook._handle_message' Unhandled message from runner queue, discarded: {'event': 'verbose', 'uuid': 'f2ada427-06d2-48bc-9a9f-19d49fe2c111', 'counter': 9, 'stdout': "\x1b[1;35m[WARNING]: Host 'cephadm02.openstack.suying' is using the discovered Python interpreter at '/usr/bin/python3.9', but future installation of another Python interpreter could cause a different interpreter to be discovered. See https://docs.ansible.com/ansible-core/2.20/reference_appendices/interpreter_discovery.html for more information.\x1b[0m", 'start_line': 6, 'end_line': 7, 'runner_ident': '86c55af1-d1b7-4237-b3fd-ef1329e8c76d', 'created': '2026-02-21T08:39:21.795628+00:00'}
2026-02-21T08:39:21.886548+00:00 CRITICAL 'ansible_navigator.actions.run_playbook._handle_message' Unhandled message from runner queue, discarded: {'event': 'verbose', 'uuid': '8cc2f55d-2dec-4afe-a4e3-402e9dba0cf0', 'counter': 11, 'stdout': "\x1b[1;35m[WARNING]: Host 'cephadm01.openstack.suying' is using the discovered Python interpreter at '/usr/bin/python3.9', but future installation of another Python interpreter could cause a different interpreter to be discovered. See https://docs.ansible.com/ansible-core/2.20/reference_appendices/interpreter_discovery.html for more information.\x1b[0m", 'start_line': 8, 'end_line': 9, 'runner_ident': '86c55af1-d1b7-4237-b3fd-ef1329e8c76d', 'created': '2026-02-21T08:39:21.876810+00:00'}
2026-02-21T08:39:35.294264+00:00 WARNING 'ansible_navigator.actions.run_playbook._handle_message' Task event without parent task
2026-02-21T08:46:47.578228+00:00 CRITICAL 'ansible_navigator.actions.run_playbook._handle_message' Unhandled message from runner queue, discarded: {'event': 'verbose', 'uuid': '7c84434a-e5e5-44e2-a171-a5aa3e2bd696', 'counter': 7, 'stdout': "\x1b[1;35m[WARNING]: Host 'cephadm02.openstack.suying' is using the discovered Python interpreter at '/usr/bin/python3.9', but future installation of another Python interpreter could cause a different interpreter to be discovered. See https://docs.ansible.com/ansible-core/2.20/reference_appendices/interpreter_discovery.html for more information.\x1b[0m", 'start_line': 4, 'end_line': 5, 'runner_ident': 'e99680a6-7363-43d3-9b8a-755c7a6ca7ec', 'created': '2026-02-21T08:46:47.569721+00:00'}
2026-02-21T08:46:47.589465+00:00 CRITICAL 'ansible_navigator.actions.run_playbook._handle_message' Unhandled message from runner queue, discarded: {'event': 'verbose', 'uuid': '9d165384-8d39-4862-b82f-75b9975b0138', 'counter': 9, 'stdout': "\x1b[1;35m[WARNING]: Host 'cephadm01.openstack.suying' is using the discovered Python interpreter at '/usr/bin/python3.9', but future installation of another Python interpreter could cause a different interpreter to be discovered. See https://docs.ansible.com/ansible-core/2.20/reference_appendices/interpreter_discovery.html for more information.\x1b[0m", 'start_line': 6, 'end_line': 7, 'runner_ident': 'e99680a6-7363-43d3-9b8a-755c7a6ca7ec', 'created': '2026-02-21T08:46:47.581668+00:00'}
2026-02-21T08:46:47.660773+00:00 CRITICAL 'ansible_navigator.actions.run_playbook._handle_message' Unhandled message from runner queue, discarded: {'event': 'verbose', 'uuid': '6d6f9c03-8920-4f46-8165-f385d2337f39', 'counter': 11, 'stdout': "\x1b[1;35m[WARNING]: Host 'cephadm03.openstack.suying' is using the discovered Python interpreter at '/usr/bin/python3.9', but future installation of another Python interpreter could cause a different interpreter to be discovered. See https://docs.ansible.com/ansible-core/2.20/reference_appendices/interpreter_discovery.html for more information.\x1b[0m", 'start_line': 8, 'end_line': 9, 'runner_ident': 'e99680a6-7363-43d3-9b8a-755c7a6ca7ec', 'created': '2026-02-21T08:46:47.655630+00:00'}
2026-02-21T08:47:01.227787+00:00 WARNING 'ansible_navigator.actions.run_playbook._handle_message' Task event without parent task
2026-02-21T08:49:38.453688+00:00 CRITICAL 'ansible_navigator.actions.run_playbook._handle_message' Unhandled message from runner queue, discarded: {'event': 'verbose', 'uuid': '36f323cf-410d-4f1e-9ae1-dbc120f20c9b', 'counter': 7, 'stdout': "\x1b[1;35m[WARNING]: Host 'cephadm01.openstack.suying' is using the discovered Python interpreter at '/usr/bin/python3.9', but future installation of another Python interpreter could cause a different interpreter to be discovered. See https://docs.ansible.com/ansible-core/2.20/reference_appendices/interpreter_discovery.html for more information.\x1b[0m", 'start_line': 4, 'end_line': 5, 'runner_ident': '4dc77ed0-efc7-4b76-a0b8-0243b2e77ef8', 'created': '2026-02-21T08:49:38.448824+00:00'}
2026-02-21T08:49:38.475387+00:00 CRITICAL 'ansible_navigator.actions.run_playbook._handle_message' Unhandled message from runner queue, discarded: {'event': 'verbose', 'uuid': '226b8ed8-df8a-488a-8111-7a6a140c96fa', 'counter': 9, 'stdout': "\x1b[1;35m[WARNING]: Host 'cephadm02.openstack.suying' is using the discovered Python interpreter at '/usr/bin/python3.9', but future installation of another Python interpreter could cause a different interpreter to be discovered. See https://docs.ansible.com/ansible-core/2.20/reference_appendices/interpreter_discovery.html for more information.\x1b[0m", 'start_line': 6, 'end_line': 7, 'runner_ident': '4dc77ed0-efc7-4b76-a0b8-0243b2e77ef8', 'created': '2026-02-21T08:49:38.468696+00:00'}
2026-02-21T08:49:38.506752+00:00 CRITICAL 'ansible_navigator.actions.run_playbook._handle_message' Unhandled message from runner queue, discarded: {'event': 'verbose', 'uuid': '13f1ed0c-a7ab-4bda-b8b2-97a2b035871b', 'counter': 11, 'stdout': "\x1b[1;35m[WARNING]: Host 'cephadm03.openstack.suying' is using the discovered Python interpreter at '/usr/bin/python3.9', but future installation of another Python interpreter could cause a different interpreter to be discovered. See https://docs.ansible.com/ansible-core/2.20/reference_appendices/interpreter_discovery.html for more information.\x1b[0m", 'start_line': 8, 'end_line': 9, 'runner_ident': '4dc77ed0-efc7-4b76-a0b8-0243b2e77ef8', 'created': '2026-02-21T08:49:38.504769+00:00'}
2026-02-21T08:49:51.480658+00:00 WARNING 'ansible_navigator.actions.run_playbook._handle_message' Task event without parent task
2026-02-21T08:56:17.589690+00:00 CRITICAL 'ansible_navigator.actions.run_playbook._handle_message' Unhandled message from runner queue, discarded: {'event': 'verbose', 'uuid': 'd50bfd87-2f5b-4c8e-9cb8-7883ab1e0ab3', 'counter': 1, 'stdout': '\x1b[1;35m[WARNING]: Unable to parse /home/lraltas/project/code_project/Ansible-Ceph-Reef/inventory as an inventory source\x1b[0m', 'start_line': 0, 'end_line': 1, 'runner_ident': '8719f305-7b80-4edb-8159-6ff00d1bd2f8', 'created': '2026-02-21T08:56:17.583371+00:00'}
2026-02-21T08:56:17.591224+00:00 CRITICAL 'ansible_navigator.actions.run_playbook._handle_message' Unhandled message from runner queue, discarded: {'event': 'verbose', 'uuid': 'f9af8993-7a2f-4ec9-8a41-57b633d99cd2', 'counter': 2, 'stdout': '\x1b[1;35m[WARNING]: No inventory was parsed, only implicit localhost is available\x1b[0m', 'start_line': 1, 'end_line': 2, 'runner_ident': '8719f305-7b80-4edb-8159-6ff00d1bd2f8', 'created': '2026-02-21T08:56:17.583895+00:00'}
2026-02-21T08:56:17.591444+00:00 CRITICAL 'ansible_navigator.actions.run_playbook._handle_message' Unhandled message from runner queue, discarded: {'event': 'verbose', 'uuid': 'd76d9172-5834-4403-8da3-3c132a322905', 'counter': 3, 'stdout': "\x1b[1;35m[WARNING]: provided hosts list is empty, only localhost is available. Note that the implicit localhost does not match 'all'\x1b[0m", 'start_line': 2, 'end_line': 3, 'runner_ident': '8719f305-7b80-4edb-8159-6ff00d1bd2f8', 'created': '2026-02-21T08:56:17.590268+00:00'}
2026-02-21T08:57:38.089050+00:00 CRITICAL 'ansible_navigator.actions.run_playbook._handle_message' Unhandled message from runner queue, discarded: {'event': 'verbose', 'uuid': '160d373e-8d2d-47a0-96d2-45ec1af144c2', 'counter': 1, 'stdout': '\x1b[1;35m[WARNING]: Unable to parse /home/lraltas/project/code_project/Ansible-Ceph-Reef/inventory as an inventory source\x1b[0m', 'start_line': 0, 'end_line': 1, 'runner_ident': '808a7516-ebec-4124-bc52-249056f6c35a', 'created': '2026-02-21T08:57:38.086967+00:00'}
2026-02-21T08:57:38.090178+00:00 CRITICAL 'ansible_navigator.actions.run_playbook._handle_message' Unhandled message from runner queue, discarded: {'event': 'verbose', 'uuid': 'd5a43aee-815f-42e3-859d-86cb9fe1fc5c', 'counter': 2, 'stdout': '\x1b[1;35m[WARNING]: No inventory was parsed, only implicit localhost is available\x1b[0m', 'start_line': 1, 'end_line': 2, 'runner_ident': '808a7516-ebec-4124-bc52-249056f6c35a', 'created': '2026-02-21T08:57:38.087219+00:00'}
2026-02-21T08:57:38.100604+00:00 CRITICAL 'ansible_navigator.actions.run_playbook._handle_message' Unhandled message from runner queue, discarded: {'event': 'verbose', 'uuid': 'b5c1cdd7-5246-40ad-9968-c81699f71698', 'counter': 3, 'stdout': "\x1b[1;35m[WARNING]: provided hosts list is empty, only localhost is available. Note that the implicit localhost does not match 'all'\x1b[0m", 'start_line': 2, 'end_line': 3, 'runner_ident': '808a7516-ebec-4124-bc52-249056f6c35a', 'created': '2026-02-21T08:57:38.093732+00:00'}
2026-02-21T08:59:21.491709+00:00 CRITICAL 'ansible_navigator.actions.run_playbook._handle_message' Unhandled message from runner queue, discarded: {'event': 'verbose', 'uuid': '82d242a5-18a7-42d2-88bb-d12d9ca82c3d', 'counter': 5, 'stdout': "\x1b[1;35m[WARNING]: Host 'cephadm01.openstack.suying' is using the discovered Python interpreter at '/usr/bin/python3.9', but future installation of another Python interpreter could cause a different interpreter to be discovered. See https://docs.ansible.com/ansible-core/2.20/reference_appendices/interpreter_discovery.html for more information.\x1b[0m", 'start_line': 4, 'end_line': 5, 'runner_ident': '521af3d4-8d95-4620-be97-baa50c239169', 'created': '2026-02-21T08:59:21.481452+00:00'}
2026-02-21T08:59:23.391859+00:00 WARNING 'ansible_navigator.actions.run_playbook._handle_message' Task event without parent task
2026-02-21T09:00:51.162814+00:00 WARNING 'ansible_navigator.run' Dirty exit, killing the pid
2026-02-21T09:02:19.330667+00:00 CRITICAL 'ansible_navigator.actions.run_playbook._handle_message' Unhandled message from runner queue, discarded: {'event': 'verbose', 'uuid': 'f581b3e1-0578-4f6b-ac07-15ac22888d1e', 'counter': 5, 'stdout': "\x1b[1;35m[WARNING]: Host 'cephadm01.openstack.suying' is using the discovered Python interpreter at '/usr/bin/python3.9', but future installation of another Python interpreter could cause a different interpreter to be discovered. See https://docs.ansible.com/ansible-core/2.20/reference_appendices/interpreter_discovery.html for more information.\x1b[0m", 'start_line': 4, 'end_line': 5, 'runner_ident': '7141852d-3ad2-4c7f-ac3c-f7c3d80324b7', 'created': '2026-02-21T09:02:19.322184+00:00'}
2026-02-21T09:02:21.204352+00:00 WARNING 'ansible_navigator.actions.run_playbook._handle_message' Task event without parent task
2026-02-21T09:04:46.332640+00:00 CRITICAL 'ansible_navigator.actions.run_playbook._handle_message' Unhandled message from runner queue, discarded: {'event': 'verbose', 'uuid': '4c6cf040-b2c1-447a-bd2a-eadd1a178506', 'counter': 51, 'stdout': "\x1b[1;35m[WARNING]: SELinux state temporarily changed from 'enforcing' to 'permissive'. State change will take effect next reboot.\x1b[0m", 'start_line': 50, 'end_line': 51, 'runner_ident': '7141852d-3ad2-4c7f-ac3c-f7c3d80324b7', 'created': '2026-02-21T09:04:46.325119+00:00'}
2026-02-21T09:05:22.517091+00:00 CRITICAL 'ansible_navigator.actions.run_playbook._handle_message' Unhandled message from runner queue, discarded: {'event': 'verbose', 'uuid': '2d464d63-984b-4b65-bac9-7dcd8d10b8ba', 'counter': 62, 'stdout': "\x1b[1;35m[WARNING]: Host 'cephadm02.openstack.suying' is using the discovered Python interpreter at '/usr/bin/python3.9', but future installation of another Python interpreter could cause a different interpreter to be discovered. See https://docs.ansible.com/ansible-core/2.20/reference_appendices/interpreter_discovery.html for more information.\x1b[0m", 'start_line': 62, 'end_line': 63, 'runner_ident': '7141852d-3ad2-4c7f-ac3c-f7c3d80324b7', 'created': '2026-02-21T09:05:22.515285+00:00'}
2026-02-21T09:05:24.218570+00:00 WARNING 'ansible_navigator.actions.run_playbook._handle_message' Task event without parent task
2026-02-21T09:08:53.418480+00:00 CRITICAL 'ansible_navigator.actions.run_playbook._handle_message' Unhandled message from runner queue, discarded: {'event': 'verbose', 'uuid': 'fbffeece-211e-4210-acd2-c9562f57be37', 'counter': 118, 'stdout': "\x1b[1;35m[WARNING]: Host 'cephadm03.openstack.suying' is using the discovered Python interpreter at '/usr/bin/python3.9', but future installation of another Python interpreter could cause a different interpreter to be discovered. See https://docs.ansible.com/ansible-core/2.20/reference_appendices/interpreter_discovery.html for more information.\x1b[0m", 'start_line': 119, 'end_line': 120, 'runner_ident': '7141852d-3ad2-4c7f-ac3c-f7c3d80324b7', 'created': '2026-02-21T09:08:53.414891+00:00'}
2026-02-21T09:08:54.972529+00:00 WARNING 'ansible_navigator.actions.run_playbook._handle_message' Task event without parent task
2026-02-21T09:12:23.012234+00:00 WARNING 'ansible_navigator.actions.run_playbook._handle_message' Task event without parent task
2026-02-21T09:17:09.796469+00:00 CRITICAL 'ansible_navigator.actions.run_playbook._handle_message' Unhandled message from runner queue, discarded: {'event': 'verbose', 'uuid': '210a6f14-ca21-4540-8358-ff4d4509055e', 'counter': 185, 'stdout': '\x1b[1;35m[WARNING]: Module did not set no_log for dashboard_password_noupdate\x1b[0m', 'start_line': 188, 'end_line': 189, 'runner_ident': '7141852d-3ad2-4c7f-ac3c-f7c3d80324b7', 'created': '2026-02-21T09:17:09.786743+00:00'}
2026-02-21T09:17:13.966444+00:00 WARNING 'ansible_navigator.actions.run_playbook._handle_message' Task event without parent task
2026-02-21T09:25:48.812807+00:00 WARNING 'ansible_navigator.run' Dirty exit, killing the pid
2026-02-21T09:38:54.643150+00:00 CRITICAL 'ansible_navigator.actions.run_playbook._handle_message' Unhandled message from runner queue, discarded: {'event': 'verbose', 'uuid': 'ec6ab6e3-fd8d-4a90-a74a-3d4b3773a6e6', 'counter': 5, 'stdout': "\x1b[1;35m[WARNING]: Host 'cephadm01.openstack.suying' is using the discovered Python interpreter at '/usr/bin/python3.9', but future installation of another Python interpreter could cause a different interpreter to be discovered. See https://docs.ansible.com/ansible-core/2.20/reference_appendices/interpreter_discovery.html for more information.\x1b[0m", 'start_line': 4, 'end_line': 5, 'runner_ident': 'd5ca3ffa-1516-4f9f-b828-7cf93815a534', 'created': '2026-02-21T09:38:54.633958+00:00'}
2026-02-21T09:38:56.415487+00:00 WARNING 'ansible_navigator.run' Dirty exit, killing the pid
2026-02-21T09:44:22.172644+00:00 CRITICAL 'ansible_navigator.actions.run_playbook._handle_message' Unhandled message from runner queue, discarded: {'event': 'verbose', 'uuid': 'fe57d269-9f9f-4a95-a99c-9f68b1c2cc8b', 'counter': 5, 'stdout': "\x1b[1;35m[WARNING]: Host 'cephadm01.openstack.suying' is using the discovered Python interpreter at '/usr/bin/python3.9', but future installation of another Python interpreter could cause a different interpreter to be discovered. See https://docs.ansible.com/ansible-core/2.20/reference_appendices/interpreter_discovery.html for more information.\x1b[0m", 'start_line': 4, 'end_line': 5, 'runner_ident': '8d2b5ba9-c016-4abc-a497-6f8c848d4806', 'created': '2026-02-21T09:44:22.163168+00:00'}
2026-02-21T09:44:26.528363+00:00 CRITICAL 'ansible_navigator.actions.run_playbook._handle_message' Unhandled message from runner queue, discarded: {'event': 'verbose', 'uuid': '8812462e-fc7b-4bb8-891a-fbff7fb7e846', 'counter': 17, 'stdout': "\x1b[1;35m[WARNING]: Host 'cephadm02.openstack.suying' is using the discovered Python interpreter at '/usr/bin/python3.9', but future installation of another Python interpreter could cause a different interpreter to be discovered. See https://docs.ansible.com/ansible-core/2.20/reference_appendices/interpreter_discovery.html for more information.\x1b[0m", 'start_line': 18, 'end_line': 19, 'runner_ident': '8d2b5ba9-c016-4abc-a497-6f8c848d4806', 'created': '2026-02-21T09:44:26.524558+00:00'}
2026-02-21T09:44:30.483139+00:00 CRITICAL 'ansible_navigator.actions.run_playbook._handle_message' Unhandled message from runner queue, discarded: {'event': 'verbose', 'uuid': 'db96e6b5-6ab1-400f-9ef5-2bc84255ba1b', 'counter': 29, 'stdout': "\x1b[1;35m[WARNING]: Host 'cephadm03.openstack.suying' is using the discovered Python interpreter at '/usr/bin/python3.9', but future installation of another Python interpreter could cause a different interpreter to be discovered. See https://docs.ansible.com/ansible-core/2.20/reference_appendices/interpreter_discovery.html for more information.\x1b[0m", 'start_line': 32, 'end_line': 33, 'runner_ident': '8d2b5ba9-c016-4abc-a497-6f8c848d4806', 'created': '2026-02-21T09:44:30.474162+00:00'}
2026-02-21T09:44:39.210454+00:00 WARNING 'ansible_navigator.actions.run_playbook._handle_message' Task event without parent task
2026-02-21T09:44:39.231239+00:00 WARNING 'ansible_navigator.actions.run_playbook._handle_message' Task event without parent task
2026-02-21T09:44:39.241694+00:00 WARNING 'ansible_navigator.actions.run_playbook._handle_message' Task event without parent task
2026-02-21T09:44:41.499567+00:00 CRITICAL 'ansible_navigator.actions.run_playbook._handle_message' Unhandled message from runner queue, discarded: {'event': 'verbose', 'uuid': '6467b64d-c9e2-4cce-9879-da7c31891591', 'counter': 88, 'stdout': '\x1b[1;35m[WARNING]: Deprecation warnings can be disabled by setting `deprecation_warnings=False` in ansible.cfg.\x1b[0m', 'start_line': 90, 'end_line': 91, 'runner_ident': '8d2b5ba9-c016-4abc-a497-6f8c848d4806', 'created': '2026-02-21T09:44:41.493670+00:00'}
2026-02-21T09:44:41.499952+00:00 CRITICAL 'ansible_navigator.actions.run_playbook._handle_message' Unhandled message from runner queue, discarded: {'event': 'verbose', 'uuid': '238ff673-3f7a-47ef-ab41-63842b115238', 'counter': 89, 'stdout': "\x1b[0;35m[DEPRECATION WARNING]: Importing 'to_native' from 'ansible.module_utils._text' is deprecated. This feature will be removed from ansible-core version 2.24. Use ansible.module_utils.common.text.converters instead.\x1b[0m", 'start_line': 91, 'end_line': 92, 'runner_ident': '8d2b5ba9-c016-4abc-a497-6f8c848d4806', 'created': '2026-02-21T09:44:41.494188+00:00'}
2026-02-21T09:45:28.735723+00:00 WARNING 'ansible_navigator.actions.run_playbook._handle_message' Task event without parent task
2026-02-21T13:17:21.543267+00:00 CRITICAL 'ansible_navigator.actions.run_playbook._handle_message' Unhandled message from runner queue, discarded: {'event': 'verbose', 'uuid': '19aa289d-e93d-428e-83ff-9544c6af75ba', 'counter': 5, 'stdout': "\x1b[1;35m[WARNING]: Host 'cephadm01.openstack.suying' is using the discovered Python interpreter at '/usr/bin/python3.9', but future installation of another Python interpreter could cause a different interpreter to be discovered. See https://docs.ansible.com/ansible-core/2.20/reference_appendices/interpreter_discovery.html for more information.\x1b[0m", 'start_line': 4, 'end_line': 5, 'runner_ident': '9237bf53-7ff8-409f-a341-3c99bad8df89', 'created': '2026-02-21T13:17:21.540225+00:00'}
2026-02-21T13:17:25.869141+00:00 CRITICAL 'ansible_navigator.actions.run_playbook._handle_message' Unhandled message from runner queue, discarded: {'event': 'verbose', 'uuid': 'c6bfb208-a627-4e24-8aed-4c79824526f6', 'counter': 17, 'stdout': "\x1b[1;35m[WARNING]: Host 'cephadm02.openstack.suying' is using the discovered Python interpreter at '/usr/bin/python3.9', but future installation of another Python interpreter could cause a different interpreter to be discovered. See https://docs.ansible.com/ansible-core/2.20/reference_appendices/interpreter_discovery.html for more information.\x1b[0m", 'start_line': 18, 'end_line': 19, 'runner_ident': '9237bf53-7ff8-409f-a341-3c99bad8df89', 'created': '2026-02-21T13:17:25.862898+00:00'}
2026-02-21T13:17:29.711370+00:00 CRITICAL 'ansible_navigator.actions.run_playbook._handle_message' Unhandled message from runner queue, discarded: {'event': 'verbose', 'uuid': 'bbd4bb05-066f-4f03-a9d0-4cbb85c5cc99', 'counter': 29, 'stdout': "\x1b[1;35m[WARNING]: Host 'cephadm03.openstack.suying' is using the discovered Python interpreter at '/usr/bin/python3.9', but future installation of another Python interpreter could cause a different interpreter to be discovered. See https://docs.ansible.com/ansible-core/2.20/reference_appendices/interpreter_discovery.html for more information.\x1b[0m", 'start_line': 32, 'end_line': 33, 'runner_ident': '9237bf53-7ff8-409f-a341-3c99bad8df89', 'created': '2026-02-21T13:17:29.702318+00:00'}
2026-02-21T13:17:42.459803+00:00 WARNING 'ansible_navigator.actions.run_playbook._handle_message' Task event without parent task
2026-02-21T13:19:32.626445+00:00 CRITICAL 'ansible_navigator.actions.run_playbook._handle_message' Unhandled message from runner queue, discarded: {'event': 'verbose', 'uuid': '299071f1-14fd-4509-8627-1a5b83723462', 'counter': 5, 'stdout': "\x1b[1;35m[WARNING]: Host 'cephadm01.openstack.suying' is using the discovered Python interpreter at '/usr/bin/python3.9', but future installation of another Python interpreter could cause a different interpreter to be discovered. See https://docs.ansible.com/ansible-core/2.20/reference_appendices/interpreter_discovery.html for more information.\x1b[0m", 'start_line': 4, 'end_line': 5, 'runner_ident': 'e6a817fe-ae0c-4738-a035-c4d271600086', 'created': '2026-02-21T13:19:32.619637+00:00'}
2026-02-21T13:19:36.708467+00:00 CRITICAL 'ansible_navigator.actions.run_playbook._handle_message' Unhandled message from runner queue, discarded: {'event': 'verbose', 'uuid': 'af2c55b0-98d6-4dc4-99ae-f09f94d36f08', 'counter': 17, 'stdout': "\x1b[1;35m[WARNING]: Host 'cephadm02.openstack.suying' is using the discovered Python interpreter at '/usr/bin/python3.9', but future installation of another Python interpreter could cause a different interpreter to be discovered. See https://docs.ansible.com/ansible-core/2.20/reference_appendices/interpreter_discovery.html for more information.\x1b[0m", 'start_line': 18, 'end_line': 19, 'runner_ident': 'e6a817fe-ae0c-4738-a035-c4d271600086', 'created': '2026-02-21T13:19:36.706254+00:00'}
2026-02-21T13:19:40.628698+00:00 CRITICAL 'ansible_navigator.actions.run_playbook._handle_message' Unhandled message from runner queue, discarded: {'event': 'verbose', 'uuid': 'c187ee0a-7e5f-461a-a665-aa69b732a99c', 'counter': 29, 'stdout': "\x1b[1;35m[WARNING]: Host 'cephadm03.openstack.suying' is using the discovered Python interpreter at '/usr/bin/python3.9', but future installation of another Python interpreter could cause a different interpreter to be discovered. See https://docs.ansible.com/ansible-core/2.20/reference_appendices/interpreter_discovery.html for more information.\x1b[0m", 'start_line': 32, 'end_line': 33, 'runner_ident': 'e6a817fe-ae0c-4738-a035-c4d271600086', 'created': '2026-02-21T13:19:40.624697+00:00'}
2026-02-21T13:19:53.148425+00:00 WARNING 'ansible_navigator.actions.run_playbook._handle_message' Task event without parent task
